<?xml version="1.0" encoding="UTF-8"?>
<!-- Generated by org.testng.reporters.JUnitReportReporter -->
<testsuite skipped="0" hostname="Raghunaths-MacBook-Pro.local" name="ResrtAssured.RestAssurePractice1.PostPatchRequest" tests="2" failures="0" timestamp="13 Apr 2020 03:57:33 GMT" time="6.611" errors="0">
  <testcase name="patchRequest" time="6.249" classname="ResrtAssured.RestAssurePractice1.PostPatchRequest"/>
  <testcase name="putRequest" time="0.362" classname="ResrtAssured.RestAssurePractice1.PostPatchRequest"/>
</testsuite> <!-- ResrtAssured.RestAssurePractice1.PostPatchRequest -->
