<?xml version="1.0" encoding="UTF-8"?>
<!-- Generated by org.testng.reporters.JUnitReportReporter -->
<testsuite skipped="0" hostname="Raghunaths-MacBook-Pro.local" name="ResrtAssured.RestAssurePractice1.PostPatchDeleteRequest" tests="3" failures="0" timestamp="13 Apr 2020 04:03:48 GMT" time="4.429" errors="0">
  <testcase name="delteRequest" time="3.246" classname="ResrtAssured.RestAssurePractice1.PostPatchDeleteRequest"/>
  <testcase name="putRequest" time="0.359" classname="ResrtAssured.RestAssurePractice1.PostPatchDeleteRequest"/>
  <testcase name="patchRequest" time="0.824" classname="ResrtAssured.RestAssurePractice1.PostPatchDeleteRequest"/>
</testsuite> <!-- ResrtAssured.RestAssurePractice1.PostPatchDeleteRequest -->
