<?xml version="1.0" encoding="UTF-8"?>
<!-- Generated by org.testng.reporters.JUnitReportReporter -->
<testsuite skipped="0" hostname="Raghunaths-MacBook-Pro.local" name="ResrtAssured.RestAssurePractice1.Test" tests="1" failures="0" timestamp="13 Apr 2020 02:48:46 GMT" time="4.968" errors="0">
  <testcase name="getRequest" time="4.968" classname="ResrtAssured.RestAssurePractice1.Test"/>
</testsuite> <!-- ResrtAssured.RestAssurePractice1.Test -->
