<?xml version="1.0" encoding="UTF-8"?>
<!-- Generated by org.testng.reporters.JUnitReportReporter -->
<testsuite skipped="0" hostname="Raghunaths-MacBook-Pro.local" name="realAPITesting.API_Operations" tests="1" failures="0" timestamp="13 Apr 2020 05:14:41 GMT" time="3.990" errors="0">
  <testcase name="delte" time="3.990" classname="realAPITesting.API_Operations"/>
</testsuite> <!-- realAPITesting.API_Operations -->
