<?xml version="1.0" encoding="UTF-8"?>
<!-- Generated by org.testng.reporters.JUnitReportReporter -->
<testsuite skipped="0" hostname="Raghunaths-MacBook-Pro.local" name="ResrtAssured.RestAssurePractice1.PostRequest" tests="2" failures="0" timestamp="13 Apr 2020 03:55:49 GMT" time="6.845" errors="0">
  <testcase name="putRequest" time="6.086" classname="ResrtAssured.RestAssurePractice1.PostRequest"/>
  <testcase name="test1" time="0.759" classname="ResrtAssured.RestAssurePractice1.PostRequest"/>
</testsuite> <!-- ResrtAssured.RestAssurePractice1.PostRequest -->
