<?xml version="1.0" encoding="UTF-8"?>
<!-- Generated by org.testng.reporters.JUnitReportReporter -->
<testsuite skipped="0" hostname="Raghunaths-MacBook-Pro.local" name="ResrtAssured.RestAssurePractice1.StaticRestAssured" tests="1" failures="0" timestamp="13 Apr 2020 03:06:55 GMT" time="6.834" errors="0">
  <testcase name="advanced" time="6.834" classname="ResrtAssured.RestAssurePractice1.StaticRestAssured"/>
</testsuite> <!-- ResrtAssured.RestAssurePractice1.StaticRestAssured -->
